{"numTotalTestSuites":26,"numPassedTestSuites":26,"numFailedTestSuites":0,"numPendingTestSuites":0,"numTotalTests":79,"numPassedTests":70,"numFailedTests":9,"numPendingTests":0,"numTodoTests":0,"startTime":1751775845633,"success":false,"testResults":[{"assertionResults":[{"ancestorTitles":["","EventEmitter","Basic Event Handling"],"fullName":" EventEmitter Basic Event Handling should add event listener","status":"passed","title":"should add event listener","duration":5,"failureMessages":[]},{"ancestorTitles":["","EventEmitter","Basic Event Handling"],"fullName":" EventEmitter Basic Event Handling should emit event to listeners","status":"passed","title":"should emit event to listeners","duration":2,"failureMessages":[]},{"ancestorTitles":["","EventEmitter","Basic Event Handling"],"fullName":" EventEmitter Basic Event Handling should return false when emitting to non-existent event","status":"passed","title":"should return false when emitting to non-existent event","duration":0,"failureMessages":[]},{"ancestorTitles":["","EventEmitter","Basic Event Handling"],"fullName":" EventEmitter Basic Event Handling should handle multiple listeners for same event","status":"passed","title":"should handle multiple listeners for same event","duration":1,"failureMessages":[]},{"ancestorTitles":["","EventEmitter","Event Removal"],"fullName":" EventEmitter Event Removal should remove specific listener","status":"passed","title":"should remove specific listener","duration":1,"failureMessages":[]},{"ancestorTitles":["","EventEmitter","Event Removal"],"fullName":" EventEmitter Event Removal should remove all listeners for event","status":"passed","title":"should remove all listeners for event","duration":1,"failureMessages":[]},{"ancestorTitles":["","EventEmitter","Event Removal"],"fullName":" EventEmitter Event Removal should handle removing non-existent listener","status":"passed","title":"should handle removing non-existent listener","duration":1,"failureMessages":[]},{"ancestorTitles":["","EventEmitter","Once Events"],"fullName":" EventEmitter Once Events should execute once listener only once","status":"passed","title":"should execute once listener only once","duration":1,"failureMessages":[]},{"ancestorTitles":["","EventEmitter","Once Events"],"fullName":" EventEmitter Once Events should remove once listener after execution","status":"passed","title":"should remove once listener after execution","duration":1,"failureMessages":[]},{"ancestorTitles":["","EventEmitter","Prepend Listeners"],"fullName":" EventEmitter Prepend Listeners should prepend listener to beginning","status":"passed","title":"should prepend listener to beginning","duration":0,"failureMessages":[]},{"ancestorTitles":["","EventEmitter","Prepend Listeners"],"fullName":" EventEmitter Prepend Listeners should prepend once listener","status":"passed","title":"should prepend once listener","duration":1,"failureMessages":[]},{"ancestorTitles":["","EventEmitter","Async Events"],"fullName":" EventEmitter Async Events should handle async event emission","status":"passed","title":"should handle async event emission","duration":1,"failureMessages":[]},{"ancestorTitles":["","EventEmitter","Async Events"],"fullName":" EventEmitter Async Events should handle async listeners","status":"passed","title":"should handle async listeners","duration":12,"failureMessages":[]},{"ancestorTitles":["","EventEmitter","Async Events"],"fullName":" EventEmitter Async Events should handle async errors","status":"passed","title":"should handle async errors","duration":10,"failureMessages":[]},{"ancestorTitles":["","EventEmitter","Error Handling"],"fullName":" EventEmitter Error Handling should handle errors in listeners","status":"passed","title":"should handle errors in listeners","duration":3,"failureMessages":[]},{"ancestorTitles":["","EventEmitter","Error Handling"],"fullName":" EventEmitter Error Handling should not emit error event for error listeners","status":"passed","title":"should not emit error event for error listeners","duration":2,"failureMessages":[]},{"ancestorTitles":["","EventEmitter","Event Management"],"fullName":" EventEmitter Event Management should return event names","status":"passed","title":"should return event names","duration":1,"failureMessages":[]},{"ancestorTitles":["","EventEmitter","Event Management"],"fullName":" EventEmitter Event Management should check if event has listeners","status":"passed","title":"should check if event has listeners","duration":1,"failureMessages":[]},{"ancestorTitles":["","EventEmitter","Event Management"],"fullName":" EventEmitter Event Management should remove all listeners","status":"passed","title":"should remove all listeners","duration":1,"failureMessages":[]},{"ancestorTitles":["","EventEmitter","Event Management"],"fullName":" EventEmitter Event Management should remove all listeners for specific event","status":"passed","title":"should remove all listeners for specific event","duration":1,"failureMessages":[]},{"ancestorTitles":["","EventEmitter","Max Listeners"],"fullName":" EventEmitter Max Listeners should warn when exceeding max listeners","status":"passed","title":"should warn when exceeding max listeners","duration":1,"failureMessages":[]},{"ancestorTitles":["","EventEmitter","Max Listeners"],"fullName":" EventEmitter Max Listeners should get and set max listeners","status":"passed","title":"should get and set max listeners","duration":1,"failureMessages":[]},{"ancestorTitles":["","EventEmitter","Max Listeners"],"fullName":" EventEmitter Max Listeners should validate max listeners value","status":"passed","title":"should validate max listeners value","duration":1,"failureMessages":[]},{"ancestorTitles":["","EventEmitter","Utility Methods"],"fullName":" EventEmitter Utility Methods should clone emitter","status":"passed","title":"should clone emitter","duration":0,"failureMessages":[]},{"ancestorTitles":["","EventEmitter","Utility Methods"],"fullName":" EventEmitter Utility Methods should pipe events from another emitter","status":"failed","title":"should pipe events from another emitter","duration":3,"failureMessages":["expected \"spy\" to be called with arguments: [ 'data' ]\u001b[90m\n\nReceived: \n\n\u001b[39m\u001b[90m\n\nNumber of calls: \u001b[1m0\u001b[22m\n\u001b[39m"],"location":{"line":289,"column":30}},{"ancestorTitles":["","EventEmitter","Utility Methods"],"fullName":" EventEmitter Utility Methods should provide debug information","status":"passed","title":"should provide debug information","duration":1,"failureMessages":[]},{"ancestorTitles":["","EventEmitter","Utility Methods"],"fullName":" EventEmitter Utility Methods should destroy emitter","status":"passed","title":"should destroy emitter","duration":5,"failureMessages":[]},{"ancestorTitles":["","EventEmitter","Edge Cases"],"fullName":" EventEmitter Edge Cases should handle empty event names","status":"passed","title":"should handle empty event names","duration":0,"failureMessages":[]},{"ancestorTitles":["","EventEmitter","Edge Cases"],"fullName":" EventEmitter Edge Cases should handle undefined data","status":"passed","title":"should handle undefined data","duration":1,"failureMessages":[]},{"ancestorTitles":["","EventEmitter","Edge Cases"],"fullName":" EventEmitter Edge Cases should handle null data","status":"passed","title":"should handle null data","duration":2,"failureMessages":[]},{"ancestorTitles":["","EventEmitter","Edge Cases"],"fullName":" EventEmitter Edge Cases should handle listeners being modified during emission","status":"passed","title":"should handle listeners being modified during emission","duration":1,"failureMessages":[]}],"startTime":1751775846175,"endTime":1751775846240,"status":"failed","message":"","name":"/workspace/tests/unit/EventEmitter.test.ts"},{"assertionResults":[{"ancestorTitles":["","WritingJS","Constructor"],"fullName":" WritingJS Constructor should create instance with element and config","status":"passed","title":"should create instance with element and config","duration":15,"failureMessages":[]},{"ancestorTitles":["","WritingJS","Constructor"],"fullName":" WritingJS Constructor should create instance with CSS selector","status":"passed","title":"should create instance with CSS selector","duration":3,"failureMessages":[]},{"ancestorTitles":["","WritingJS","Constructor"],"fullName":" WritingJS Constructor should throw error for invalid element","status":"passed","title":"should throw error for invalid element","duration":2,"failureMessages":[]},{"ancestorTitles":["","WritingJS","Constructor"],"fullName":" WritingJS Constructor should use default words when none provided","status":"passed","title":"should use default words when none provided","duration":3,"failureMessages":[]},{"ancestorTitles":["","WritingJS","Constructor"],"fullName":" WritingJS Constructor should merge configurations correctly","status":"passed","title":"should merge configurations correctly","duration":2,"failureMessages":[]},{"ancestorTitles":["","WritingJS","Animation Control"],"fullName":" WritingJS Animation Control should start animation","status":"passed","title":"should start animation","duration":2,"failureMessages":[]},{"ancestorTitles":["","WritingJS","Animation Control"],"fullName":" WritingJS Animation Control should not start if already running","status":"passed","title":"should not start if already running","duration":1,"failureMessages":[]},{"ancestorTitles":["","WritingJS","Animation Control"],"fullName":" WritingJS Animation Control should stop animation","status":"passed","title":"should stop animation","duration":1,"failureMessages":[]},{"ancestorTitles":["","WritingJS","Animation Control"],"fullName":" WritingJS Animation Control should pause animation","status":"passed","title":"should pause animation","duration":2,"failureMessages":[]},{"ancestorTitles":["","WritingJS","Animation Control"],"fullName":" WritingJS Animation Control should resume animation","status":"passed","title":"should resume animation","duration":2,"failureMessages":[]},{"ancestorTitles":["","WritingJS","Animation Control"],"fullName":" WritingJS Animation Control should restart animation","status":"passed","title":"should restart animation","duration":2,"failureMessages":[]},{"ancestorTitles":["","WritingJS","Text Animation"],"fullName":" WritingJS Text Animation should write characters progressively","status":"failed","title":"should write characters progressively","duration":10004,"failureMessages":["Test timed out in 10000ms.\nIf this is a long-running test, pass a timeout value as the last argument or configure it globally with \"testTimeout\"."]},{"ancestorTitles":["","WritingJS","Text Animation"],"fullName":" WritingJS Text Animation should complete word and trigger event","status":"failed","title":"should complete word and trigger event","duration":10006,"failureMessages":["Test timed out in 10000ms.\nIf this is a long-running test, pass a timeout value as the last argument or configure it globally with \"testTimeout\"."]},{"ancestorTitles":["","WritingJS","Text Animation"],"fullName":" WritingJS Text Animation should handle multiple words","status":"failed","title":"should handle multiple words","duration":10009,"failureMessages":["Test timed out in 10000ms.\nIf this is a long-running test, pass a timeout value as the last argument or configure it globally with \"testTimeout\"."]},{"ancestorTitles":["","WritingJS","Text Animation"],"fullName":" WritingJS Text Animation should handle infinite animation","status":"failed","title":"should handle infinite animation","duration":10004,"failureMessages":["Test timed out in 10000ms.\nIf this is a long-running test, pass a timeout value as the last argument or configure it globally with \"testTimeout\"."]},{"ancestorTitles":["","WritingJS","Cursor Functionality"],"fullName":" WritingJS Cursor Functionality should create cursor element when enabled","status":"passed","title":"should create cursor element when enabled","duration":2,"failureMessages":[]},{"ancestorTitles":["","WritingJS","Cursor Functionality"],"fullName":" WritingJS Cursor Functionality should not create cursor when disabled","status":"passed","title":"should not create cursor when disabled","duration":1,"failureMessages":[]},{"ancestorTitles":["","WritingJS","Cursor Functionality"],"fullName":" WritingJS Cursor Functionality should use custom cursor character","status":"passed","title":"should use custom cursor character","duration":1,"failureMessages":[]},{"ancestorTitles":["","WritingJS","Event System"],"fullName":" WritingJS Event System should emit start event","status":"passed","title":"should emit start event","duration":3,"failureMessages":[]},{"ancestorTitles":["","WritingJS","Event System"],"fullName":" WritingJS Event System should emit character events","status":"failed","title":"should emit character events","duration":10004,"failureMessages":["Test timed out in 10000ms.\nIf this is a long-running test, pass a timeout value as the last argument or configure it globally with \"testTimeout\"."]},{"ancestorTitles":["","WritingJS","Event System"],"fullName":" WritingJS Event System should handle multiple event listeners","status":"passed","title":"should handle multiple event listeners","duration":2,"failureMessages":[]},{"ancestorTitles":["","WritingJS","Event System"],"fullName":" WritingJS Event System should remove event listeners","status":"passed","title":"should remove event listeners","duration":1,"failureMessages":[]},{"ancestorTitles":["","WritingJS","Event System"],"fullName":" WritingJS Event System should handle error events","status":"passed","title":"should handle error events","duration":6,"failureMessages":[]},{"ancestorTitles":["","WritingJS","Configuration"],"fullName":" WritingJS Configuration should update words","status":"passed","title":"should update words","duration":1,"failureMessages":[]},{"ancestorTitles":["","WritingJS","Configuration"],"fullName":" WritingJS Configuration should update speed","status":"passed","title":"should update speed","duration":2,"failureMessages":[]},{"ancestorTitles":["","WritingJS","Configuration"],"fullName":" WritingJS Configuration should update options","status":"passed","title":"should update options","duration":1,"failureMessages":[]},{"ancestorTitles":["","WritingJS","State Management"],"fullName":" WritingJS State Management should return current state","status":"passed","title":"should return current state","duration":2,"failureMessages":[]},{"ancestorTitles":["","WritingJS","State Management"],"fullName":" WritingJS State Management should update progress during animation","status":"failed","title":"should update progress during animation","duration":10002,"failureMessages":["Test timed out in 10000ms.\nIf this is a long-running test, pass a timeout value as the last argument or configure it globally with \"testTimeout\"."]},{"ancestorTitles":["","WritingJS","State Management"],"fullName":" WritingJS State Management should track current word","status":"failed","title":"should track current word","duration":10009,"failureMessages":["Test timed out in 10000ms.\nIf this is a long-running test, pass a timeout value as the last argument or configure it globally with \"testTimeout\"."]},{"ancestorTitles":["","WritingJS","State Management"],"fullName":" WritingJS State Management should return immutable state","status":"passed","title":"should return immutable state","duration":2,"failureMessages":[]},{"ancestorTitles":["","WritingJS","Performance Metrics"],"fullName":" WritingJS Performance Metrics should return performance metrics","status":"passed","title":"should return performance metrics","duration":1,"failureMessages":[]},{"ancestorTitles":["","WritingJS","Performance Metrics"],"fullName":" WritingJS Performance Metrics should update metrics during animation","status":"failed","title":"should update metrics during animation","duration":10006,"failureMessages":["Test timed out in 10000ms.\nIf this is a long-running test, pass a timeout value as the last argument or configure it globally with \"testTimeout\"."]},{"ancestorTitles":["","WritingJS","Effects"],"fullName":" WritingJS Effects should handle typing effects","status":"passed","title":"should handle typing effects","duration":2,"failureMessages":[]},{"ancestorTitles":["","WritingJS","Effects"],"fullName":" WritingJS Effects should handle visual effects configuration","status":"passed","title":"should handle visual effects configuration","duration":2,"failureMessages":[]},{"ancestorTitles":["","WritingJS","Effects"],"fullName":" WritingJS Effects should handle sound effects configuration","status":"passed","title":"should handle sound effects configuration","duration":1,"failureMessages":[]},{"ancestorTitles":["","WritingJS","Hover Behavior"],"fullName":" WritingJS Hover Behavior should pause on hover when enabled","status":"passed","title":"should pause on hover when enabled","duration":3,"failureMessages":[]},{"ancestorTitles":["","WritingJS","Hover Behavior"],"fullName":" WritingJS Hover Behavior should resume on mouse leave","status":"passed","title":"should resume on mouse leave","duration":1,"failureMessages":[]},{"ancestorTitles":["","WritingJS","Hover Behavior"],"fullName":" WritingJS Hover Behavior should not pause on hover when disabled","status":"passed","title":"should not pause on hover when disabled","duration":2,"failureMessages":[]},{"ancestorTitles":["","WritingJS","Cleanup and Destruction"],"fullName":" WritingJS Cleanup and Destruction should stop animation on destroy","status":"passed","title":"should stop animation on destroy","duration":2,"failureMessages":[]},{"ancestorTitles":["","WritingJS","Cleanup and Destruction"],"fullName":" WritingJS Cleanup and Destruction should remove cursor on destroy","status":"passed","title":"should remove cursor on destroy","duration":1,"failureMessages":[]},{"ancestorTitles":["","WritingJS","Cleanup and Destruction"],"fullName":" WritingJS Cleanup and Destruction should restore original content on destroy","status":"passed","title":"should restore original content on destroy","duration":3,"failureMessages":[]},{"ancestorTitles":["","WritingJS","Cleanup and Destruction"],"fullName":" WritingJS Cleanup and Destruction should remove all event listeners on destroy","status":"passed","title":"should remove all event listeners on destroy","duration":1,"failureMessages":[]},{"ancestorTitles":["","WritingJS","Cleanup and Destruction"],"fullName":" WritingJS Cleanup and Destruction should throw error when using destroyed instance","status":"passed","title":"should throw error when using destroyed instance","duration":3,"failureMessages":[]},{"ancestorTitles":["","WritingJS","Edge Cases"],"fullName":" WritingJS Edge Cases should handle empty words array gracefully","status":"passed","title":"should handle empty words array gracefully","duration":1,"failureMessages":[]},{"ancestorTitles":["","WritingJS","Edge Cases"],"fullName":" WritingJS Edge Cases should handle very fast speeds","status":"passed","title":"should handle very fast speeds","duration":2,"failureMessages":[]},{"ancestorTitles":["","WritingJS","Edge Cases"],"fullName":" WritingJS Edge Cases should handle very slow speeds","status":"passed","title":"should handle very slow speeds","duration":2,"failureMessages":[]},{"ancestorTitles":["","WritingJS","Edge Cases"],"fullName":" WritingJS Edge Cases should handle special characters","status":"passed","title":"should handle special characters","duration":1,"failureMessages":[]},{"ancestorTitles":["","WritingJS","Edge Cases"],"fullName":" WritingJS Edge Cases should handle HTML entities","status":"passed","title":"should handle HTML entities","duration":2,"failureMessages":[]}],"startTime":1751775846247,"endTime":1751775926380,"status":"failed","message":"","name":"/workspace/tests/unit/WritingJS.test.ts"}]}